[debug] [2025-02-03T16:04:52.257Z] ----------------------------------------------------------------------
[debug] [2025-02-03T16:04:52.258Z] Command:       C:\Program Files\nodejs\node.exe C:\Users\Ajay\AppData\Roaming\npm\node_modules\firebase-tools\lib\bin\firebase.js deploy --debug
[debug] [2025-02-03T16:04:52.258Z] CLI Version:   13.29.3
[debug] [2025-02-03T16:04:52.259Z] Platform:      win32
[debug] [2025-02-03T16:04:52.259Z] Node Version:  v20.13.1
[debug] [2025-02-03T16:04:52.259Z] Time:          Mon Feb 03 2025 11:04:52 GMT-0500 (Eastern Standard Time)
[debug] [2025-02-03T16:04:52.259Z] ----------------------------------------------------------------------
[debug] 
[debug] [2025-02-03T16:04:52.358Z] > command requires scopes: ["email","openid","https://www.googleapis.com/auth/cloudplatformprojects.readonly","https://www.googleapis.com/auth/firebase","https://www.googleapis.com/auth/cloud-platform"]
[debug] [2025-02-03T16:04:52.359Z] > authorizing via signed-in user (ajayshelke96.as@gmail.com)
[debug] [2025-02-03T16:04:52.359Z] [iam] checking project portfolio-b01a2 for permissions ["firebase.projects.get","firebasehosting.sites.update"]
[debug] [2025-02-03T16:04:52.360Z] Checked if tokens are valid: true, expires at: 1738601317395
[debug] [2025-02-03T16:04:52.360Z] Checked if tokens are valid: true, expires at: 1738601317395
[debug] [2025-02-03T16:04:52.361Z] >>> [apiv2][query] POST https://cloudresourcemanager.googleapis.com/v1/projects/portfolio-b01a2:testIamPermissions [none]
[debug] [2025-02-03T16:04:52.361Z] >>> [apiv2][(partial)header] POST https://cloudresourcemanager.googleapis.com/v1/projects/portfolio-b01a2:testIamPermissions x-goog-quota-user=projects/portfolio-b01a2
[debug] [2025-02-03T16:04:52.361Z] >>> [apiv2][body] POST https://cloudresourcemanager.googleapis.com/v1/projects/portfolio-b01a2:testIamPermissions {"permissions":["firebase.projects.get","firebasehosting.sites.update"]}
[debug] [2025-02-03T16:04:52.502Z] <<< [apiv2][status] POST https://cloudresourcemanager.googleapis.com/v1/projects/portfolio-b01a2:testIamPermissions 200
[debug] [2025-02-03T16:04:52.503Z] <<< [apiv2][body] POST https://cloudresourcemanager.googleapis.com/v1/projects/portfolio-b01a2:testIamPermissions {"permissions":["firebase.projects.get","firebasehosting.sites.update"]}
[debug] [2025-02-03T16:04:52.503Z] Checked if tokens are valid: true, expires at: 1738601317395
[debug] [2025-02-03T16:04:52.503Z] Checked if tokens are valid: true, expires at: 1738601317395
[debug] [2025-02-03T16:04:52.504Z] >>> [apiv2][query] GET https://firebase.googleapis.com/v1beta1/projects/portfolio-b01a2 [none]
[debug] [2025-02-03T16:04:52.961Z] <<< [apiv2][status] GET https://firebase.googleapis.com/v1beta1/projects/portfolio-b01a2 200
[debug] [2025-02-03T16:04:52.961Z] <<< [apiv2][body] GET https://firebase.googleapis.com/v1beta1/projects/portfolio-b01a2 {"projectId":"portfolio-b01a2","projectNumber":"641560827665","displayName":"portfolio","name":"projects/portfolio-b01a2","resources":{"hostingSite":"portfolio-b01a2"},"state":"ACTIVE","etag":"1_e9c49bc9-962e-4374-a0df-c2d62cf1b659"}
[info] 
[info] === Deploying to 'portfolio-b01a2'...
[info] 
[info] i  deploying hosting 
[debug] [2025-02-03T16:04:52.964Z] Checked if tokens are valid: true, expires at: 1738601317395
[debug] [2025-02-03T16:04:52.965Z] Checked if tokens are valid: true, expires at: 1738601317395
[debug] [2025-02-03T16:04:52.965Z] >>> [apiv2][query] POST https://firebasehosting.googleapis.com/v1beta1/projects/-/sites/portfolio-b01a2/versions [none]
[debug] [2025-02-03T16:04:52.965Z] >>> [apiv2][body] POST https://firebasehosting.googleapis.com/v1beta1/projects/-/sites/portfolio-b01a2/versions {"status":"CREATED","labels":{"deployment-tool":"cli-firebase"}}
[debug] [2025-02-03T16:04:53.467Z] <<< [apiv2][status] POST https://firebasehosting.googleapis.com/v1beta1/projects/-/sites/portfolio-b01a2/versions 200
[debug] [2025-02-03T16:04:53.468Z] <<< [apiv2][body] POST https://firebasehosting.googleapis.com/v1beta1/projects/-/sites/portfolio-b01a2/versions {"name":"projects/641560827665/sites/portfolio-b01a2/versions/ddb8e8201c0acba6","status":"CREATED","config":{},"labels":{"deployment-tool":"cli-firebase"}}
[info] i  hosting[portfolio-b01a2]: beginning deploy... 
[info] i  hosting[portfolio-b01a2]: found 23 files in build 
[debug] [2025-02-03T16:04:53.476Z] [hosting] uploading with 200 concurrency
[debug] [2025-02-03T16:04:53.478Z] Checked if tokens are valid: true, expires at: 1738601317395
[debug] [2025-02-03T16:04:53.479Z] Checked if tokens are valid: true, expires at: 1738601317395
[debug] [2025-02-03T16:04:53.479Z] [hosting] hash cache [YnVpbGQ] stored for 23 files
[debug] [2025-02-03T16:04:53.480Z] [hosting][hash queue][FINAL] {"max":1,"min":0,"avg":0,"active":0,"complete":23,"success":23,"errored":0,"retried":0,"total":23,"elapsed":3}
[debug] [2025-02-03T16:04:53.480Z] >>> [apiv2][query] POST https://firebasehosting.googleapis.com/v1beta1/projects/641560827665/sites/portfolio-b01a2/versions/ddb8e8201c0acba6:populateFiles [none]
[debug] [2025-02-03T16:04:53.480Z] >>> [apiv2][body] POST https://firebasehosting.googleapis.com/v1beta1/projects/641560827665/sites/portfolio-b01a2/versions/ddb8e8201c0acba6:populateFiles {"files":{"/twitter.png":"b165e2116e0cf5d6ef869a9a546d29d41f9af2c4c187a47037e108685e8805b5","/robots.txt":"bfe106a3fb878dc83461c86818bf74fc1bdc7f28538ba613cd3e775516ce8b49","/logo1.png":"b4746ae86d4a062abe86ea7638dea70f72ec937241a681571d807812b801e1fc","/logo.png":"a38714685252bbdf47fb0b7a5acd74771ed590b5ad628310a22612b9c821aa4c","/index.html":"909aab6a317cdf05a56219993c14561d7b829e47e0b886677057ece0ec906f51","/homepage.jpeg.jpg":"1bcbc2d9c3039d42878c43ecaedd383130b641d8d8ff0e6cb80dedeeaa741dbc","/favicon_new.ico":"42bf5fe06d419cd709a57b5d4f06fa59a44846e6187d617a810e2441d3d2ad3c","/favicon1.ico":"60863cbde6bfb7e60f702a336116ac80b501befbd58db8fb577326689d7df433","/facebook.png":"3c5c98de10f3897a0cb951db5e468656937ab45ef5a8471c03a87df5f0491779","/back-button.png":"eb02ca3ebe7dfa7e4aa734c8ce7df57d71a490f450cc6d7342f33dc843e20b95","/asset-manifest.json":"8e71da54f0d28db31b18ae75da760628d4c74b4b86af5131ce976216ae5ddfb2","/about.jpg":"2a811b59a762bd7c12b1a3eb88e3a96b61b331f6c0d410aaf5a4be87242c96b2","/404.html":"793e09521aa37387c5d9c6bb801373c24b1835fcc20158e4cb63e1d65f031735","/static/media/Sun.681607dcda2a01539a9a8a157ae74e6e.svg":"4be0215f5d380d97d8c4daa09645899286feb8ced7861a304609edc7c03a6d84","/static/media/Moon.0a6a2b75ac51157455302ddcfca385c0.svg":"bfef5b4dfe8b896f37e07dbd3d53046120bcbb631b79f099f7c24a6ba83a9bba","/static/media/homepage.9f4f33b88b6ffd45ebeb.jpg":"1bcbc2d9c3039d42878c43ecaedd383130b641d8d8ff0e6cb80dedeeaa741dbc","/static/js/main.bdac15b5.js.map":"0ef74d2fb6548f13a5aff78c4d882d1a9f264a2f2d26b15b4be274fcc7c929de","/static/js/main.bdac15b5.js.LICENSE.txt":"5ca44914a8bfdd581edceeb615b5ed79223c7d4eccc4f93b5c494cd957dd800b","/static/js/main.bdac15b5.js":"8cd0e431a191025325b6573c28a5deec2ea272c1789f1f851cdb831d01a118b3","/static/js/787.512dd3f2.chunk.js.map":"1919898fe4a878e1a3a83c7b3fcfa292d901075c93b4c21de7a68c891f3d8d43","/static/js/787.512dd3f2.chunk.js":"a078640f433a4d6570859cc713b9aedbf681ec8a8bf1d6557c9e2205ef589263","/static/css/main.b33df1ba.css.map":"e6b54edd3cd79180a3f1f96dc740c3fd98aff7c3fad62caa946318fccc036902","/static/css/main.b33df1ba.css":"6e0d5ca3f59843b2c27f7597c0de374f42660e134f3dcbf20bf921cfd72b064e"}}
[debug] [2025-02-03T16:04:53.658Z] <<< [apiv2][status] POST https://firebasehosting.googleapis.com/v1beta1/projects/641560827665/sites/portfolio-b01a2/versions/ddb8e8201c0acba6:populateFiles 200
[debug] [2025-02-03T16:04:53.658Z] <<< [apiv2][body] POST https://firebasehosting.googleapis.com/v1beta1/projects/641560827665/sites/portfolio-b01a2/versions/ddb8e8201c0acba6:populateFiles {"uploadUrl":"https://upload-firebasehosting.googleapis.com/upload/sites/portfolio-b01a2/versions/ddb8e8201c0acba6/files"}
[debug] [2025-02-03T16:04:53.658Z] [hosting][populate queue][FINAL] {"max":180,"min":180,"avg":180,"active":0,"complete":1,"success":1,"errored":0,"retried":0,"total":1,"elapsed":180}
[debug] [2025-02-03T16:04:53.659Z] [hosting] uploads queued: 0
[debug] [2025-02-03T16:04:53.659Z] [hosting][upload queue][FINAL] {"max":0,"min":9999999999,"avg":0,"active":0,"complete":0,"success":0,"errored":0,"retried":0,"total":0,"elapsed":1738598693659}
[info] i  hosting: upload complete 
[info] +  hosting[portfolio-b01a2]: file upload complete 
[debug] [2025-02-03T16:04:53.659Z] [hosting] deploy completed after 190ms
[debug] [2025-02-03T16:04:53.659Z] [
  {
    "config": {
      "public": "build",
      "ignore": [
        "firebase.json",
        "**/.*",
        "**/node_modules/**"
      ],
      "rewrites": [
        {
          "source": "**",
          "destination": "/index.html"
        }
      ],
      "site": "portfolio-b01a2"
    },
    "version": "projects/641560827665/sites/portfolio-b01a2/versions/ddb8e8201c0acba6"
  }
]
[info] i  hosting[portfolio-b01a2]: finalizing version... 
[debug] [2025-02-03T16:04:53.661Z] Checked if tokens are valid: true, expires at: 1738601317395
[debug] [2025-02-03T16:04:53.661Z] Checked if tokens are valid: true, expires at: 1738601317395
[debug] [2025-02-03T16:04:53.661Z] >>> [apiv2][query] PATCH https://firebasehosting.googleapis.com/v1beta1/projects/-/sites/portfolio-b01a2/versions/ddb8e8201c0acba6 updateMask=status%2Cconfig
[debug] [2025-02-03T16:04:53.661Z] >>> [apiv2][body] PATCH https://firebasehosting.googleapis.com/v1beta1/projects/-/sites/portfolio-b01a2/versions/ddb8e8201c0acba6 {"status":"FINALIZED","config":{"rewrites":[{"glob":"**","path":"/index.html"}]}}
[debug] [2025-02-03T16:04:53.795Z] <<< [apiv2][status] PATCH https://firebasehosting.googleapis.com/v1beta1/projects/-/sites/portfolio-b01a2/versions/ddb8e8201c0acba6 200
[debug] [2025-02-03T16:04:53.795Z] <<< [apiv2][body] PATCH https://firebasehosting.googleapis.com/v1beta1/projects/-/sites/portfolio-b01a2/versions/ddb8e8201c0acba6 {"name":"projects/641560827665/sites/portfolio-b01a2/versions/ddb8e8201c0acba6","status":"FINALIZED","config":{"rewrites":[{"glob":"**","path":"/index.html"}]},"labels":{"deployment-tool":"cli-firebase"},"createTime":"2025-02-03T15:59:43.144406Z","createUser":{"email":"ajayshelke96.as@gmail.com"},"finalizeTime":"2025-02-03T15:59:43.632338Z","finalizeUser":{"email":"ajayshelke96.as@gmail.com"}}
[debug] [2025-02-03T16:04:53.796Z] [hosting] finalized version for portfolio-b01a2:[object Object]
[info] +  hosting[portfolio-b01a2]: version finalized 
[info] i  hosting[portfolio-b01a2]: releasing new version... 
[debug] [2025-02-03T16:04:53.796Z] Checked if tokens are valid: true, expires at: 1738601317395
[debug] [2025-02-03T16:04:53.797Z] Checked if tokens are valid: true, expires at: 1738601317395
[debug] [2025-02-03T16:04:53.797Z] >>> [apiv2][query] POST https://firebasehosting.googleapis.com/v1beta1/projects/-/sites/portfolio-b01a2/channels/live/releases versionName=projects%2F641560827665%2Fsites%2Fportfolio-b01a2%2Fversions%2Fddb8e8201c0acba6
[debug] [2025-02-03T16:04:53.797Z] >>> [apiv2][body] POST https://firebasehosting.googleapis.com/v1beta1/projects/-/sites/portfolio-b01a2/channels/live/releases {}
[debug] [2025-02-03T16:04:53.976Z] <<< [apiv2][status] POST https://firebasehosting.googleapis.com/v1beta1/projects/-/sites/portfolio-b01a2/channels/live/releases 200
[debug] [2025-02-03T16:04:53.976Z] <<< [apiv2][body] POST https://firebasehosting.googleapis.com/v1beta1/projects/-/sites/portfolio-b01a2/channels/live/releases {"name":"projects/641560827665/sites/portfolio-b01a2/channels/live/releases/1738598383262000","version":{"name":"projects/641560827665/sites/portfolio-b01a2/versions/ddb8e8201c0acba6","status":"FINALIZED","config":{"rewrites":[{"glob":"**","path":"/index.html"}]},"labels":{"deployment-tool":"cli-firebase"},"createTime":"2025-02-03T15:59:43.144406Z","createUser":{"email":"ajayshelke96.as@gmail.com","imageUrl":"https://lh3.googleusercontent.com/a/ACg8ocI7xoQBxRltoODrY7b32wEkEqHLdcgSSv6cwHcHeomM_oo_Pg=mo"},"finalizeTime":"2025-02-03T15:59:43.632338Z","finalizeUser":{"email":"ajayshelke96.as@gmail.com","imageUrl":"https://lh3.googleusercontent.com/a/ACg8ocI7xoQBxRltoODrY7b32wEkEqHLdcgSSv6cwHcHeomM_oo_Pg=mo"}},"type":"DEPLOY","releaseTime":"2025-02-03T15:59:43.262Z","releaseUser":{"email":"ajayshelke96.as@gmail.com","imageUrl":"https://lh3.googleusercontent.com/a/ACg8ocI7xoQBxRltoODrY7b32wEkEqHLdcgSSv6cwHcHeomM_oo_Pg=mo"}}
[debug] [2025-02-03T16:04:53.977Z] [hosting] release: {"name":"projects/641560827665/sites/portfolio-b01a2/channels/live/releases/1738598383262000","version":{"name":"projects/641560827665/sites/portfolio-b01a2/versions/ddb8e8201c0acba6","status":"FINALIZED","config":{"rewrites":[{"glob":"**","path":"/index.html"}]},"labels":{"deployment-tool":"cli-firebase"},"createTime":"2025-02-03T15:59:43.144406Z","createUser":{"email":"ajayshelke96.as@gmail.com","imageUrl":"https://lh3.googleusercontent.com/a/ACg8ocI7xoQBxRltoODrY7b32wEkEqHLdcgSSv6cwHcHeomM_oo_Pg=mo"},"finalizeTime":"2025-02-03T15:59:43.632338Z","finalizeUser":{"email":"ajayshelke96.as@gmail.com","imageUrl":"https://lh3.googleusercontent.com/a/ACg8ocI7xoQBxRltoODrY7b32wEkEqHLdcgSSv6cwHcHeomM_oo_Pg=mo"}},"type":"DEPLOY","releaseTime":"2025-02-03T15:59:43.262Z","releaseUser":{"email":"ajayshelke96.as@gmail.com","imageUrl":"https://lh3.googleusercontent.com/a/ACg8ocI7xoQBxRltoODrY7b32wEkEqHLdcgSSv6cwHcHeomM_oo_Pg=mo"}}
[info] +  hosting[portfolio-b01a2]: release complete 
[info] 
[info] +  Deploy complete! 
[info] 
[info] Project Console: https://console.firebase.google.com/project/portfolio-b01a2/overview
[info] Hosting URL: https://portfolio-b01a2.web.app
